<?xml version="1.0" encoding="UTF-8"?>
<!-- Generated by org.testng.reporters.JUnitXMLReporter -->
<testsuite ignored="0" hostname="DESKTOP-AFRCN63" failures="0" tests="7" name="LoginTest" time="185.678" errors="0" timestamp="2024-09-16T11:41:31 IST">
  <testcase classname="BasePackage.BaseTest" name="@BeforeClass setUp" time="181.936">
    <failure type="org.openqa.selenium.SessionNotCreatedException" message="Could not start a new session. Possible causes are invalid address of the remote server or browser start-up failure. 
Host info: host: &amp;apos;DESKTOP-AFRCN63&amp;apos;, ip: &amp;apos;172.22.176.1&amp;apos;">
      <![CDATA[org.openqa.selenium.SessionNotCreatedException: Could not start a new session. Possible causes are invalid address of the remote server or browser start-up failure. 
Host info: host: 'DESKTOP-AFRCN63', ip: '172.22.176.1'
at org.openqa.selenium.remote.RemoteWebDriver.execute(RemoteWebDriver.java:536)
at org.openqa.selenium.remote.RemoteWebDriver.startSession(RemoteWebDriver.java:232)
at org.openqa.selenium.remote.RemoteWebDriver.<init>(RemoteWebDriver.java:161)
at org.openqa.selenium.remote.RemoteWebDriver.<init>(RemoteWebDriver.java:141)
at BasePackage.BaseTest.setUp(BaseTest.java:68)
at java.base/java.util.ArrayList.forEach(ArrayList.java:1597)
Caused by: org.openqa.selenium.TimeoutException: java.util.concurrent.TimeoutException
Build info: version: '4.20.0', revision: '866c76ca80'
System info: os.name: 'Windows 10', os.arch: 'amd64', os.version: '10.0', java.version: '22.0.2'
Driver info: driver.version: RemoteWebDriver
at org.openqa.selenium.remote.http.jdk.JdkHttpClient.execute0(JdkHttpClient.java:396)
at org.openqa.selenium.remote.http.AddSeleniumUserAgent.lambda$apply$0(AddSeleniumUserAgent.java:42)
at org.openqa.selenium.remote.http.Filter.lambda$andFinally$1(Filter.java:55)
at org.openqa.selenium.remote.http.jdk.JdkHttpClient.execute(JdkHttpClient.java:352)
at org.openqa.selenium.remote.tracing.TracedHttpClient.execute(TracedHttpClient.java:54)
at org.openqa.selenium.remote.ProtocolHandshake.createSession(ProtocolHandshake.java:89)
at org.openqa.selenium.remote.ProtocolHandshake.createSession(ProtocolHandshake.java:75)
at org.openqa.selenium.remote.ProtocolHandshake.createSession(ProtocolHandshake.java:61)
at org.openqa.selenium.remote.HttpCommandExecutor.execute(HttpCommandExecutor.java:162)
at org.openqa.selenium.remote.TracedCommandExecutor.execute(TracedCommandExecutor.java:51)
at org.openqa.selenium.remote.RemoteWebDriver.execute(RemoteWebDriver.java:518)
... 28 more
Caused by: java.util.concurrent.TimeoutException
at java.base/java.util.concurrent.CompletableFuture.timedGet(CompletableFuture.java:1960)
at java.base/java.util.concurrent.CompletableFuture.get(CompletableFuture.java:2095)
at org.openqa.selenium.remote.http.jdk.JdkHttpClient.execute0(JdkHttpClient.java:379)
... 38 more
... Removed 23 stack frames]]>
    </failure>
  </testcase> <!-- @BeforeClass setUp -->
  <testcase classname="BasePackage.BaseTest" name="@AfterClass tearDown" time="0.0">
    <skipped/>
  </testcase> <!-- @AfterClass tearDown -->
  <testcase classname="TestCases.TC002_LoginTest" name="loginDataDrivenTest" time="0.0">
    <skipped/>
  </testcase> <!-- loginDataDrivenTest -->
  <testcase classname="TestCases.TC002_LoginTest" name="loginDataDrivenTest" time="0.001">
    <skipped/>
  </testcase> <!-- loginDataDrivenTest -->
  <testcase classname="TestCases.TC002_LoginTest" name="loginDataDrivenTest" time="0.0">
    <skipped/>
  </testcase> <!-- loginDataDrivenTest -->
  <testcase classname="TestCases.TC002_LoginTest" name="loginDataDrivenTest" time="0.0">
    <skipped/>
  </testcase> <!-- loginDataDrivenTest -->
  <testcase classname="TestCases.TC002_LoginTest" name="loginDataDrivenTest" time="0.001">
    <skipped/>
  </testcase> <!-- loginDataDrivenTest -->
  <testcase classname="TestCases.TC002_LoginTest" name="loginDataDrivenTest" time="0.002">
    <skipped/>
  </testcase> <!-- loginDataDrivenTest -->
  <testcase classname="TestCases.TC002_LoginTest" name="validLoginTest" time="0.0">
    <skipped/>
  </testcase> <!-- validLoginTest -->
</testsuite> <!-- LoginTest -->
